  unittest1.cpp
c:\users\sjohnstone18\desktop\hw3-data-structures\unittester\unittest1.cpp(20): error C2079: 'ss' uses undefined class 'std::basic_ifstream<char,std::char_traits<char>>'
c:\users\sjohnstone18\desktop\hw3-data-structures\unittester\unittest1.cpp(20): error C2440: 'initializing': cannot convert from 'const char [28]' to 'int'
  c:\users\sjohnstone18\desktop\hw3-data-structures\unittester\unittest1.cpp(20): note: There is no context in which this conversion is possible
c:\users\sjohnstone18\desktop\hw3-data-structures\unittester\unittest1.cpp(22): error C2228: left of '.fail' must have class/struct/union
  c:\users\sjohnstone18\desktop\hw3-data-structures\unittester\unittest1.cpp(22): note: type is 'int'
c:\users\sjohnstone18\desktop\hw3-data-structures\unittester\unittest1.cpp(25): error C2228: left of '.rdbuf' must have class/struct/union
  c:\users\sjohnstone18\desktop\hw3-data-structures\unittester\unittest1.cpp(25): note: type is 'int'
c:\users\sjohnstone18\desktop\hw3-data-structures\unittester\unittest1.cpp(33): error C2228: left of '.close' must have class/struct/union
  c:\users\sjohnstone18\desktop\hw3-data-structures\unittester\unittest1.cpp(33): note: type is 'int'
